NaPolowanie/app/build/intermediates/manifest_merge_blame_file/debug/manifest-merger-blame-debug-report.txt
1<?xml version="1.0" encoding="utf-8"?>
2<manifest xmlns:android="http://schemas.android.com/apk/res/android"
3    package="com.aplikacjalowiecka.napolowanie"
4    android:versionCode="1"
5    android:versionName="1.0" >
6
7    <uses-sdk
8        android:minSdkVersion="21"
8-->src\main\AndroidManifest.xml
9        android:targetSdkVersion="32" />
9-->src\main\AndroidManifest.xml
10
11    <uses-permission android:name="android.permission.INTERNET" />
11-->src\main\AndroidManifest.xml:5:5-67
11-->src\main\AndroidManifest.xml:5:22-64
12    <uses-permission android:name="android.permission.CAMERA" />
12-->src\main\AndroidManifest.xml:6:5-65
12-->src\main\AndroidManifest.xml:6:22-62
13    <uses-permission android:name="android.permission.RECORD_AUDIO" />
13-->src\main\AndroidManifest.xml:7:5-71
13-->src\main\AndroidManifest.xml:7:22-68
14    <uses-permission android:name="android.permission.WRITE_EXTERNAL_STORAGE" />
14-->src\main\AndroidManifest.xml:8:5-81
14-->src\main\AndroidManifest.xml:8:22-78
15    <uses-permission android:name="android.permission.READ_EXTERNAL_STORAGE" />
15-->src\main\AndroidManifest.xml:9:5-80
15-->src\main\AndroidManifest.xml:9:22-77
16
17    <application
17-->src\main\AndroidManifest.xml:11:5-48:19
18        android:allowBackup="true"
18-->src\main\AndroidManifest.xml:12:9-35
19        android:appComponentFactory="androidx.core.app.CoreComponentFactory"
19-->[androidx.core:core:1.8.0] AndroidManifest.xml:24:18-86
20        android:dataExtractionRules="@xml/data_extraction_rules"
20-->src\main\AndroidManifest.xml:13:9-65
21        android:debuggable="true"
22        android:fullBackupContent="@xml/backup_rules"
22-->src\main\AndroidManifest.xml:14:9-54
23        android:icon="@mipmap/ic_launcher"
23-->src\main\AndroidManifest.xml:15:9-43
24        android:label="@string/app_name"
24-->src\main\AndroidManifest.xml:16:9-41
25        android:roundIcon="@mipmap/ic_launcher_round"
25-->src\main\AndroidManifest.xml:17:9-54
26        android:supportsRtl="true"
26-->src\main\AndroidManifest.xml:18:9-35
27        android:theme="@style/Theme.NaPolowanie" >
27-->src\main\AndroidManifest.xml:19:9-49
28        <activity
28-->src\main\AndroidManifest.xml:21:9-27:20
29            android:name="com.aplikacjalowiecka.napolowanie.camera"
29-->src\main\AndroidManifest.xml:22:13-35
30            android:exported="false" >
30-->src\main\AndroidManifest.xml:23:13-37
31            <meta-data
31-->src\main\AndroidManifest.xml:24:13-26:36
32                android:name="android.app.lib_name"
32-->src\main\AndroidManifest.xml:25:17-52
33                android:value="" />
33-->src\main\AndroidManifest.xml:26:17-33
34        </activity>
35        <activity
35-->src\main\AndroidManifest.xml:28:9-34:20
36            android:name="com.aplikacjalowiecka.napolowanie.WebActivity"
36-->src\main\AndroidManifest.xml:29:13-40
37            android:exported="false" >
37-->src\main\AndroidManifest.xml:30:13-37
38            <meta-data
38-->src\main\AndroidManifest.xml:24:13-26:36
39                android:name="android.app.lib_name"
39-->src\main\AndroidManifest.xml:25:17-52
40                android:value="" />
40-->src\main\AndroidManifest.xml:26:17-33
41        </activity>
42        <activity
42-->src\main\AndroidManifest.xml:35:9-47:20
43            android:name="com.aplikacjalowiecka.napolowanie.MainActivity"
43-->src\main\AndroidManifest.xml:36:13-41
44            android:exported="true" >
44-->src\main\AndroidManifest.xml:37:13-36
45            <intent-filter>
45-->src\main\AndroidManifest.xml:38:13-42:29
46                <action android:name="android.intent.action.MAIN" />
46-->src\main\AndroidManifest.xml:39:17-69
46-->src\main\AndroidManifest.xml:39:25-66
47
48                <category android:name="android.intent.category.LAUNCHER" />
48-->src\main\AndroidManifest.xml:41:17-77
48-->src\main\AndroidManifest.xml:41:27-74
49            </intent-filter>
50
51            <meta-data
51-->src\main\AndroidManifest.xml:24:13-26:36
52                android:name="android.app.lib_name"
52-->src\main\AndroidManifest.xml:25:17-52
53                android:value="" />
53-->src\main\AndroidManifest.xml:26:17-33
54        </activity>
55
56        <provider
56-->[androidx.emoji2:emoji2:1.2.0] AndroidManifest.xml:24:9-32:20
57            android:name="androidx.startup.InitializationProvider"
57-->[androidx.emoji2:emoji2:1.2.0] AndroidManifest.xml:25:13-67
58            android:authorities="com.aplikacjalowiecka.napolowanie.androidx-startup"
58-->[androidx.emoji2:emoji2:1.2.0] AndroidManifest.xml:26:13-68
59            android:exported="false" >
59-->[androidx.emoji2:emoji2:1.2.0] AndroidManifest.xml:27:13-37
60            <meta-data
60-->[androidx.emoji2:emoji2:1.2.0] AndroidManifest.xml:29:13-31:52
61                android:name="androidx.emoji2.text.EmojiCompatInitializer"
61-->[androidx.emoji2:emoji2:1.2.0] AndroidManifest.xml:30:17-75
62                android:value="androidx.startup" />
62-->[androidx.emoji2:emoji2:1.2.0] AndroidManifest.xml:31:17-49
63            <meta-data
63-->[androidx.lifecycle:lifecycle-process:2.4.1] AndroidManifest.xml:31:13-33:52
64                android:name="androidx.lifecycle.ProcessLifecycleInitializer"
64-->[androidx.lifecycle:lifecycle-process:2.4.1] AndroidManifest.xml:32:17-78
65                android:value="androidx.startup" />
65-->[androidx.lifecycle:lifecycle-process:2.4.1] AndroidManifest.xml:33:17-49
66        </provider>
67    </application>
68
69</manifest>